Arguments: 
  /usr/local/bin/node /usr/local/bin/yarn

PATH: 
  /Users/chenyucong/Library/pnpm:/opt/homebrew/bin:/opt/homebrew/sbin:/usr/local/bin:/usr/bin:/bin:/usr/sbin:/sbin:/Users/chenyucong/Documents/apache-maven-3.8.4/bin:/Users/chenyucong/Library/Python/3.8/bin

Yarn version: 
  1.22.18

Node version: 
  16.13.1

Platform: 
  darwin arm64

Trace: 
  Error: https://registry.npmmirror.com/@allview-cli%2futils: [NOT_FOUND] @allview-cli/utils not found
      at Request.params.callback [as _callback] (/usr/local/lib/node_modules/yarn/lib/cli.js:66138:18)
      at Request.self.callback (/usr/local/lib/node_modules/yarn/lib/cli.js:140883:22)
      at Request.emit (node:events:390:28)
      at Request.<anonymous> (/usr/local/lib/node_modules/yarn/lib/cli.js:141855:10)
      at Request.emit (node:events:390:28)
      at Gunzip.<anonymous> (/usr/local/lib/node_modules/yarn/lib/cli.js:141777:12)
      at Object.onceWrapper (node:events:509:28)
      at Gunzip.emit (node:events:390:28)
      at endReadableNT (node:internal/streams/readable:1343:12)
      at processTicksAndRejections (node:internal/process/task_queues:83:21)

npm manifest: 
  {
    "name": "@allview-cli/core",
    "version": "1.0.0",
    "description": "allview-cli core",
    "author": "chenyucong <1803861304@qq.com>",
    "homepage": "",
    "license": "ISC",
    "main": "lib/index.js",
    "directories": {
      "lib": "lib",
      "test": "__tests__"
    },
    "files": [
      "lib"
    ],
    "publishConfig": {
      "registry": "https://registry.npmmirror.com/"
    },
    "repository": {
      "type": "git",
      "url": "https://github.com/YuCongChen/allview-cli.git"
    },
    "scripts": {
      "test": "echo \"Error: run tests from root\" && exit 1"
    },
    "dependencies": {
      "@allview-cli/utils": "^1.0.0"
    }
  }

yarn manifest: 
  No manifest

Lockfile: 
  # THIS IS AN AUTOGENERATED FILE. DO NOT EDIT THIS FILE DIRECTLY.
  # yarn lockfile v1
  
  
  "@allview-cli/utils@file:../../utils/utils":
    version "1.0.0"
